app/build/outputs/logs/manifest-merger-debug-report.txt
-- Merging decision tree log ---
manifest
ADDED from src/main/AndroidManifest.xml:2:1-70:12
	package
		ADDED from src/main/AndroidManifest.xml:3:5-47
		INJECTED from src/main/AndroidManifest.xml
		INJECTED from src/main/AndroidManifest.xml
	android:versionName
		INJECTED from src/main/AndroidManifest.xml
		INJECTED from src/main/AndroidManifest.xml
	xmlns:android
		ADDED from src/main/AndroidManifest.xml:2:11-69
	android:versionCode
		INJECTED from src/main/AndroidManifest.xml
		INJECTED from src/main/AndroidManifest.xml
uses-permission#android.permission.CAMERA
ADDED from src/main/AndroidManifest.xml:4:5-64
	android:name
		ADDED from src/main/AndroidManifest.xml:4:22-62
uses-feature#android.hardware.camera
ADDED from src/main/AndroidManifest.xml:5:5-84
	android:required
		ADDED from src/main/AndroidManifest.xml:5:58-82
	android:name
		ADDED from src/main/AndroidManifest.xml:5:19-57
uses-feature#android.hardware.camera.autofocus
ADDED from src/main/AndroidManifest.xml:6:5-94
	android:required
		ADDED from src/main/AndroidManifest.xml:6:68-92
	android:name
		ADDED from src/main/AndroidManifest.xml:6:19-67
uses-feature#android.hardware.camera.front
ADDED from src/main/AndroidManifest.xml:7:5-90
	android:required
		ADDED from src/main/AndroidManifest.xml:7:64-88
	android:name
		ADDED from src/main/AndroidManifest.xml:7:19-63
uses-feature#android.hardware.camera.front.autofocus
ADDED from src/main/AndroidManifest.xml:8:5-100
	android:required
		ADDED from src/main/AndroidManifest.xml:8:74-98
	android:name
		ADDED from src/main/AndroidManifest.xml:8:19-73
application
ADDED from src/main/AndroidManifest.xml:24:5-63:19
MERGED from [com.android.support.constraint:constraint-layout:1.1.3] AndroidManifest.xml:9:5-20
	android:label
		ADDED from src/main/AndroidManifest.xml:27:9-41
	android:allowBackup
		ADDED from src/main/AndroidManifest.xml:25:9-35
	android:icon
		ADDED from src/main/AndroidManifest.xml:26:9-43
	android:theme
		ADDED from src/main/AndroidManifest.xml:28:9-40
activity#com.michaeltroger.shapedetection.LoginActivity
ADDED from src/main/AndroidManifest.xml:31:9-38:20
	android:theme
		ADDED from src/main/AndroidManifest.xml:33:13-49
	android:name
		ADDED from src/main/AndroidManifest.xml:32:13-74
intent-filter#android.intent.action.MAIN+android.intent.category.LAUNCHER
ADDED from src/main/AndroidManifest.xml:34:13-37:29
action#android.intent.action.MAIN
ADDED from src/main/AndroidManifest.xml:35:17-69
	android:name
		ADDED from src/main/AndroidManifest.xml:35:25-66
category#android.intent.category.LAUNCHER
ADDED from src/main/AndroidManifest.xml:36:17-77
	android:name
		ADDED from src/main/AndroidManifest.xml:36:27-74
activity#com.michaeltroger.shapedetection.RadioButtonActivity
ADDED from src/main/AndroidManifest.xml:43:9-45:51
	android:theme
		ADDED from src/main/AndroidManifest.xml:45:13-49
	android:name
		ADDED from src/main/AndroidManifest.xml:44:13-48
activity#com.michaeltroger.shapedetection.SignupActivity
ADDED from src/main/AndroidManifest.xml:47:9-49:52
	android:theme
		ADDED from src/main/AndroidManifest.xml:49:13-49
	android:name
		ADDED from src/main/AndroidManifest.xml:48:13-43
activity#com.michaeltroger.shapedetection.ShowResultPage
ADDED from src/main/AndroidManifest.xml:51:9-53:52
	android:theme
		ADDED from src/main/AndroidManifest.xml:53:13-49
	android:name
		ADDED from src/main/AndroidManifest.xml:52:13-43
activity#com.michaeltroger.shapedetection.DetectShape
ADDED from src/main/AndroidManifest.xml:55:9-60:65
	android:screenOrientation
		ADDED from src/main/AndroidManifest.xml:59:13-50
	android:label
		ADDED from src/main/AndroidManifest.xml:58:13-45
	android:configChanges
		ADDED from src/main/AndroidManifest.xml:60:13-63
	android:theme
		ADDED from src/main/AndroidManifest.xml:57:13-71
	android:name
		ADDED from src/main/AndroidManifest.xml:56:13-40
supports-screens
ADDED from src/main/AndroidManifest.xml:65:5-69:37
	android:largeScreens
		ADDED from src/main/AndroidManifest.xml:68:9-36
	android:smallScreens
		ADDED from src/main/AndroidManifest.xml:66:9-36
	android:normalScreens
		ADDED from src/main/AndroidManifest.xml:67:9-37
	android:resizeable
		ADDED from src/main/AndroidManifest.xml:65:23-48
	android:anyDensity
		ADDED from src/main/AndroidManifest.xml:69:9-34
uses-sdk
INJECTED from src/main/AndroidManifest.xml reason: use-sdk injection requested
MERGED from [com.android.support:design:27.1.0] AndroidManifest.xml:20:5-44
MERGED from [com.android.support:support-v4:27.1.0] AndroidManifest.xml:20:5-44
MERGED from [com.android.support:support-media-compat:27.1.0] AndroidManifest.xml:20:5-44
MERGED from [com.android.support:appcompat-v7:27.1.0] AndroidManifest.xml:20:5-44
MERGED from [com.android.support:support-fragment:27.1.0] AndroidManifest.xml:20:5-44
MERGED from [android.arch.lifecycle:livedata-core:1.1.0] AndroidManifest.xml:20:5-44
MERGED from [android.arch.core:runtime:1.1.0] AndroidManifest.xml:20:5-44
MERGED from [android.arch.lifecycle:viewmodel:1.1.0] AndroidManifest.xml:20:5-44
MERGED from [com.android.support:animated-vector-drawable:27.1.0] AndroidManifest.xml:20:5-44
MERGED from [com.android.support:support-vector-drawable:27.1.0] AndroidManifest.xml:20:5-44
MERGED from [com.android.support:recyclerview-v7:27.1.0] AndroidManifest.xml:20:5-44
MERGED from [com.android.support:support-core-ui:27.1.0] AndroidManifest.xml:20:5-44
MERGED from [com.android.support:support-core-utils:27.1.0] AndroidManifest.xml:20:5-44
MERGED from [com.android.support:transition:27.1.0] AndroidManifest.xml:20:5-44
MERGED from [com.jakewharton:butterknife:8.8.1] AndroidManifest.xml:5:5-43
MERGED from [com.android.support:support-compat:27.1.0] AndroidManifest.xml:20:5-44
MERGED from [android.arch.lifecycle:runtime:1.1.0] AndroidManifest.xml:20:5-44
MERGED from [com.android.support.constraint:constraint-layout:1.1.3] AndroidManifest.xml:5:5-7:41
MERGED from [shape-detection-master:openCVLibrary300:unspecified] AndroidManifest.xml:5:5-7:41
	android:targetSdkVersion
		INJECTED from src/main/AndroidManifest.xml
		INJECTED from src/main/AndroidManifest.xml
	android:minSdkVersion
		INJECTED from src/main/AndroidManifest.xml
		INJECTED from src/main/AndroidManifest.xml